<?xml version="1.0" encoding="UTF-8"?>
<coverage generated="1566458803262" clover="3.2.0">
  <project timestamp="1566458803262" name="All files">
    <metrics statements="44" coveredstatements="29" conditionals="22" coveredconditionals="13" methods="17" coveredmethods="10" elements="83" coveredelements="52" complexity="0" loc="44" ncloc="44" packages="9" files="12" classes="12">
      <package name="src.actions">
        <metrics statements="0" coveredstatements="0" conditionals="0" coveredconditionals="0" methods="0" coveredmethods="0"/>
        <file name="action-types.js" path="/Users/meliu/Documents/workspace/Sharing/React Course/ReactCourse/Class 5/src/actions/action-types.js">
          <metrics statements="0" coveredstatements="0" conditionals="0" coveredconditionals="0" methods="0" coveredmethods="0"/>
        </file>
      </package>
      <package name="src.components.common">
        <metrics statements="11" coveredstatements="7" conditionals="6" coveredconditionals="4" methods="5" coveredmethods="3"/>
        <file name="BaseComponent.jsx" path="/Users/meliu/Documents/workspace/Sharing/React Course/ReactCourse/Class 5/src/components/common/BaseComponent.jsx">
          <metrics statements="2" coveredstatements="2" conditionals="0" coveredconditionals="0" methods="1" coveredmethods="1"/>
          <line num="6" count="2" type="stmt"/>
          <line num="10" count="2" type="stmt"/>
        </file>
        <file name="Table.jsx" path="/Users/meliu/Documents/workspace/Sharing/React Course/ReactCourse/Class 5/src/components/common/Table.jsx">
          <metrics statements="9" coveredstatements="5" conditionals="6" coveredconditionals="4" methods="4" coveredmethods="2"/>
          <line num="3" count="1" type="stmt"/>
          <line num="4" count="0" type="stmt"/>
          <line num="5" count="0" type="cond" truecount="0" falsecount="2"/>
          <line num="6" count="0" type="stmt"/>
          <line num="9" count="0" type="stmt"/>
          <line num="15" count="1" type="stmt"/>
          <line num="16" count="2" type="stmt"/>
          <line num="18" count="2" type="stmt"/>
          <line num="30" count="1" type="cond" truecount="4" falsecount="0"/>
        </file>
      </package>
      <package name="src.components.context">
        <metrics statements="1" coveredstatements="1" conditionals="0" coveredconditionals="0" methods="1" coveredmethods="0"/>
        <file name="index.js" path="/Users/meliu/Documents/workspace/Sharing/React Course/ReactCourse/Class 5/src/components/context/index.js">
          <metrics statements="1" coveredstatements="1" conditionals="0" coveredconditionals="0" methods="1" coveredmethods="0"/>
          <line num="3" count="2" type="stmt"/>
        </file>
      </package>
      <package name="src.components.hoc">
        <metrics statements="6" coveredstatements="5" conditionals="2" coveredconditionals="1" methods="3" coveredmethods="3"/>
        <file name="AuthWrapper.jsx" path="/Users/meliu/Documents/workspace/Sharing/React Course/ReactCourse/Class 5/src/components/hoc/AuthWrapper.jsx">
          <metrics statements="6" coveredstatements="5" conditionals="2" coveredconditionals="1" methods="3" coveredmethods="3"/>
          <line num="6" count="1" type="stmt"/>
          <line num="9" count="1" type="stmt"/>
          <line num="13" count="1" type="cond" truecount="1" falsecount="1"/>
          <line num="14" count="1" type="stmt"/>
          <line num="17" count="0" type="stmt"/>
          <line num="21" count="1" type="stmt"/>
        </file>
      </package>
      <package name="src.components.home">
        <metrics statements="1" coveredstatements="0" conditionals="0" coveredconditionals="0" methods="1" coveredmethods="0"/>
        <file name="index.jsx" path="/Users/meliu/Documents/workspace/Sharing/React Course/ReactCourse/Class 5/src/components/home/index.jsx">
          <metrics statements="1" coveredstatements="0" conditionals="0" coveredconditionals="0" methods="1" coveredmethods="0"/>
          <line num="7" count="0" type="stmt"/>
        </file>
      </package>
      <package name="src.components.login">
        <metrics statements="16" coveredstatements="9" conditionals="6" coveredconditionals="2" methods="5" coveredmethods="2"/>
        <file name="index.jsx" path="/Users/meliu/Documents/workspace/Sharing/React Course/ReactCourse/Class 5/src/components/login/index.jsx">
          <metrics statements="16" coveredstatements="9" conditionals="6" coveredconditionals="2" methods="5" coveredmethods="2"/>
          <line num="11" count="1" type="stmt"/>
          <line num="12" count="1" type="stmt"/>
          <line num="18" count="1" type="stmt"/>
          <line num="19" count="1" type="stmt"/>
          <line num="20" count="1" type="stmt"/>
          <line num="21" count="1" type="stmt"/>
          <line num="25" count="0" type="stmt"/>
          <line num="29" count="0" type="stmt"/>
          <line num="30" count="0" type="stmt"/>
          <line num="34" count="0" type="stmt"/>
          <line num="35" count="0" type="cond" truecount="0" falsecount="2"/>
          <line num="36" count="0" type="stmt"/>
          <line num="46" count="1" type="cond" truecount="1" falsecount="1"/>
          <line num="47" count="0" type="stmt"/>
          <line num="50" count="1" type="stmt"/>
          <line num="51" count="1" type="stmt"/>
        </file>
      </package>
      <package name="src.reducers">
        <metrics statements="6" coveredstatements="4" conditionals="6" coveredconditionals="4" methods="2" coveredmethods="2"/>
        <file name="auth.js" path="/Users/meliu/Documents/workspace/Sharing/React Course/ReactCourse/Class 5/src/reducers/auth.js">
          <metrics statements="3" coveredstatements="2" conditionals="3" coveredconditionals="2" methods="1" coveredmethods="1"/>
          <line num="4" count="3" type="cond" truecount="1" falsecount="1"/>
          <line num="6" count="0" type="stmt"/>
          <line num="8" count="3" type="stmt"/>
        </file>
        <file name="index.js" path="/Users/meliu/Documents/workspace/Sharing/React Course/ReactCourse/Class 5/src/reducers/index.js">
          <metrics statements="0" coveredstatements="0" conditionals="0" coveredconditionals="0" methods="0" coveredmethods="0"/>
        </file>
        <file name="rooms.js" path="/Users/meliu/Documents/workspace/Sharing/React Course/ReactCourse/Class 5/src/reducers/rooms.js">
          <metrics statements="3" coveredstatements="2" conditionals="3" coveredconditionals="2" methods="1" coveredmethods="1"/>
          <line num="5" count="3" type="cond" truecount="1" falsecount="1"/>
          <line num="7" count="0" type="stmt"/>
          <line num="12" count="3" type="stmt"/>
        </file>
      </package>
      <package name="src.store">
        <metrics statements="1" coveredstatements="1" conditionals="2" coveredconditionals="2" methods="0" coveredmethods="0"/>
        <file name="index.js" path="/Users/meliu/Documents/workspace/Sharing/React Course/ReactCourse/Class 5/src/store/index.js">
          <metrics statements="1" coveredstatements="1" conditionals="2" coveredconditionals="2" methods="0" coveredmethods="0"/>
          <line num="4" count="1" type="cond" truecount="2" falsecount="0"/>
        </file>
      </package>
      <package name="test">
        <metrics statements="2" coveredstatements="2" conditionals="0" coveredconditionals="0" methods="0" coveredmethods="0"/>
        <file name="setup.js" path="/Users/meliu/Documents/workspace/Sharing/React Course/ReactCourse/Class 5/test/setup.js">
          <metrics statements="2" coveredstatements="2" conditionals="0" coveredconditionals="0" methods="0" coveredmethods="0"/>
          <line num="6" count="4" type="stmt"/>
          <line num="8" count="4" type="stmt"/>
        </file>
      </package>
    </metrics>
  </project>
</coverage>
