{"/Users/meliu/Documents/workspace/Sharing/React Course/ReactCourse/Class 5/src/actions/action-types.js": {"path":"/Users/meliu/Documents/workspace/Sharing/React Course/ReactCourse/Class 5/src/actions/action-types.js","statementMap":{},"fnMap":{},"branchMap":{},"s":{},"f":{},"b":{},"_coverageSchema":"332fd63041d2c1bcb487cc26dd0d5f7d97098a6c","hash":"b46cb4c8134e2a87a601cf1fcddfe24a457a9a21"}
,"/Users/meliu/Documents/workspace/Sharing/React Course/ReactCourse/Class 5/src/components/common/BaseComponent.jsx": {"path":"/Users/meliu/Documents/workspace/Sharing/React Course/ReactCourse/Class 5/src/components/common/BaseComponent.jsx","statementMap":{"0":{"start":{"line":6,"column":4},"end":{"line":6,"column":26}},"1":{"start":{"line":10,"column":0},"end":{"line":10,"column":39}}},"fnMap":{"0":{"name":"(anonymous_0)","decl":{"start":{"line":5,"column":2},"end":{"line":5,"column":3}},"loc":{"start":{"line":5,"column":30},"end":{"line":7,"column":3}},"line":5}},"branchMap":{},"s":{"0":2,"1":2},"f":{"0":2},"b":{},"_coverageSchema":"332fd63041d2c1bcb487cc26dd0d5f7d97098a6c","hash":"52b518ae59be4687579c8dc5422172409b4e9e78"}
,"/Users/meliu/Documents/workspace/Sharing/React Course/ReactCourse/Class 5/src/components/common/Table.jsx": {"path":"/Users/meliu/Documents/workspace/Sharing/React Course/ReactCourse/Class 5/src/components/common/Table.jsx","statementMap":{"0":{"start":{"line":3,"column":12},"end":{"line":13,"column":1}},"1":{"start":{"line":4,"column":24},"end":{"line":4,"column":29}},"2":{"start":{"line":5,"column":13},"end":{"line":5,"column":31}},"3":{"start":{"line":6,"column":2},"end":{"line":12,"column":4}},"4":{"start":{"line":9,"column":8},"end":{"line":9,"column":39}},"5":{"start":{"line":15,"column":14},"end":{"line":37,"column":1}},"6":{"start":{"line":16,"column":32},"end":{"line":16,"column":37}},"7":{"start":{"line":18,"column":2},"end":{"line":36,"column":4}},"8":{"start":{"line":30,"column":14},"end":{"line":30,"column":63}}},"fnMap":{"0":{"name":"(anonymous_0)","decl":{"start":{"line":3,"column":12},"end":{"line":3,"column":13}},"loc":{"start":{"line":3,"column":21},"end":{"line":13,"column":1}},"line":3},"1":{"name":"(anonymous_1)","decl":{"start":{"line":8,"column":15},"end":{"line":8,"column":16}},"loc":{"start":{"line":8,"column":28},"end":{"line":10,"column":7}},"line":8},"2":{"name":"(anonymous_2)","decl":{"start":{"line":15,"column":14},"end":{"line":15,"column":15}},"loc":{"start":{"line":15,"column":23},"end":{"line":37,"column":1}},"line":15},"3":{"name":"(anonymous_3)","decl":{"start":{"line":29,"column":22},"end":{"line":29,"column":23}},"loc":{"start":{"line":30,"column":14},"end":{"line":30,"column":63}},"line":30}},"branchMap":{"0":{"loc":{"start":{"line":5,"column":13},"end":{"line":5,"column":31}},"type":"cond-expr","locations":[{"start":{"line":5,"column":20},"end":{"line":5,"column":24}},{"start":{"line":5,"column":27},"end":{"line":5,"column":31}}],"line":5},"1":{"loc":{"start":{"line":30,"column":24},"end":{"line":30,"column":36}},"type":"binary-expr","locations":[{"start":{"line":30,"column":24},"end":{"line":30,"column":31}},{"start":{"line":30,"column":35},"end":{"line":30,"column":36}}],"line":30},"2":{"loc":{"start":{"line":30,"column":43},"end":{"line":30,"column":59}},"type":"binary-expr","locations":[{"start":{"line":30,"column":43},"end":{"line":30,"column":52}},{"start":{"line":30,"column":56},"end":{"line":30,"column":59}}],"line":30}},"s":{"0":1,"1":0,"2":0,"3":0,"4":0,"5":1,"6":2,"7":2,"8":1},"f":{"0":0,"1":0,"2":2,"3":1},"b":{"0":[0,0],"1":[1,1],"2":[1,1]},"_coverageSchema":"332fd63041d2c1bcb487cc26dd0d5f7d97098a6c","hash":"6b79d7bdf68c2ed20259dbfbcf8008e78f92128e"}
,"/Users/meliu/Documents/workspace/Sharing/React Course/ReactCourse/Class 5/src/components/context/index.js": {"path":"/Users/meliu/Documents/workspace/Sharing/React Course/ReactCourse/Class 5/src/components/context/index.js","statementMap":{"0":{"start":{"line":3,"column":19},"end":{"line":8,"column":2}}},"fnMap":{"0":{"name":"(anonymous_0)","decl":{"start":{"line":7,"column":17},"end":{"line":7,"column":18}},"loc":{"start":{"line":7,"column":27},"end":{"line":7,"column":29}},"line":7}},"branchMap":{},"s":{"0":2},"f":{"0":0},"b":{},"_coverageSchema":"332fd63041d2c1bcb487cc26dd0d5f7d97098a6c","hash":"35e975555eca409848ab5f17ebc454d9a4162da4"}
,"/Users/meliu/Documents/workspace/Sharing/React Course/ReactCourse/Class 5/src/components/hoc/AuthWrapper.jsx": {"path":"/Users/meliu/Documents/workspace/Sharing/React Course/ReactCourse/Class 5/src/components/hoc/AuthWrapper.jsx","statementMap":{"0":{"start":{"line":6,"column":16},"end":{"line":22,"column":1}},"1":{"start":{"line":9,"column":6},"end":{"line":9,"column":28}},"2":{"start":{"line":13,"column":6},"end":{"line":15,"column":7}},"3":{"start":{"line":14,"column":8},"end":{"line":14,"column":40}},"4":{"start":{"line":17,"column":6},"end":{"line":17,"column":39}},"5":{"start":{"line":21,"column":2},"end":{"line":21,"column":21}}},"fnMap":{"0":{"name":"(anonymous_0)","decl":{"start":{"line":6,"column":16},"end":{"line":6,"column":17}},"loc":{"start":{"line":6,"column":25},"end":{"line":22,"column":1}},"line":6},"1":{"name":"(anonymous_1)","decl":{"start":{"line":8,"column":4},"end":{"line":8,"column":5}},"loc":{"start":{"line":8,"column":32},"end":{"line":10,"column":5}},"line":8},"2":{"name":"(anonymous_2)","decl":{"start":{"line":12,"column":4},"end":{"line":12,"column":5}},"loc":{"start":{"line":12,"column":13},"end":{"line":18,"column":5}},"line":12}},"branchMap":{"0":{"loc":{"start":{"line":13,"column":6},"end":{"line":15,"column":7}},"type":"if","locations":[{"start":{"line":13,"column":6},"end":{"line":15,"column":7}},{"start":{"line":13,"column":6},"end":{"line":15,"column":7}}],"line":13}},"s":{"0":1,"1":1,"2":1,"3":1,"4":0,"5":1},"f":{"0":1,"1":1,"2":1},"b":{"0":[1,0]},"_coverageSchema":"332fd63041d2c1bcb487cc26dd0d5f7d97098a6c","hash":"4dba7ae9178ed167de729439af70183225cccad6"}
,"/Users/meliu/Documents/workspace/Sharing/React Course/ReactCourse/Class 5/src/components/home/index.jsx": {"path":"/Users/meliu/Documents/workspace/Sharing/React Course/ReactCourse/Class 5/src/components/home/index.jsx","statementMap":{"0":{"start":{"line":7,"column":4},"end":{"line":12,"column":6}}},"fnMap":{"0":{"name":"(anonymous_0)","decl":{"start":{"line":6,"column":2},"end":{"line":6,"column":3}},"loc":{"start":{"line":6,"column":11},"end":{"line":13,"column":3}},"line":6}},"branchMap":{},"s":{"0":0},"f":{"0":0},"b":{},"_coverageSchema":"332fd63041d2c1bcb487cc26dd0d5f7d97098a6c","hash":"4c312ce39ab55a7de204f3d80a23f64810c4173a"}
,"/Users/meliu/Documents/workspace/Sharing/React Course/ReactCourse/Class 5/src/components/login/index.jsx": {"path":"/Users/meliu/Documents/workspace/Sharing/React Course/ReactCourse/Class 5/src/components/login/index.jsx","statementMap":{"0":{"start":{"line":11,"column":4},"end":{"line":11,"column":26}},"1":{"start":{"line":12,"column":4},"end":{"line":16,"column":6}},"2":{"start":{"line":18,"column":4},"end":{"line":18,"column":45}},"3":{"start":{"line":19,"column":4},"end":{"line":19,"column":45}},"4":{"start":{"line":20,"column":4},"end":{"line":20,"column":41}},"5":{"start":{"line":21,"column":4},"end":{"line":21,"column":33}},"6":{"start":{"line":25,"column":4},"end":{"line":25,"column":29}},"7":{"start":{"line":29,"column":18},"end":{"line":29,"column":32}},"8":{"start":{"line":30,"column":4},"end":{"line":30,"column":46}},"9":{"start":{"line":34,"column":18},"end":{"line":34,"column":47}},"10":{"start":{"line":35,"column":4},"end":{"line":38,"column":5}},"11":{"start":{"line":36,"column":6},"end":{"line":36,"column":34}},"12":{"start":{"line":46,"column":4},"end":{"line":48,"column":5}},"13":{"start":{"line":47,"column":6},"end":{"line":47,"column":33}},"14":{"start":{"line":50,"column":30},"end":{"line":50,"column":40}},"15":{"start":{"line":51,"column":4},"end":{"line":87,"column":6}}},"fnMap":{"0":{"name":"(anonymous_0)","decl":{"start":{"line":10,"column":2},"end":{"line":10,"column":3}},"loc":{"start":{"line":10,"column":30},"end":{"line":22,"column":3}},"line":10},"1":{"name":"(anonymous_1)","decl":{"start":{"line":24,"column":2},"end":{"line":24,"column":3}},"loc":{"start":{"line":24,"column":14},"end":{"line":26,"column":3}},"line":24},"2":{"name":"(anonymous_2)","decl":{"start":{"line":28,"column":2},"end":{"line":28,"column":3}},"loc":{"start":{"line":28,"column":14},"end":{"line":31,"column":3}},"line":28},"3":{"name":"(anonymous_3)","decl":{"start":{"line":33,"column":2},"end":{"line":33,"column":3}},"loc":{"start":{"line":33,"column":13},"end":{"line":39,"column":3}},"line":33},"4":{"name":"(anonymous_4)","decl":{"start":{"line":41,"column":2},"end":{"line":41,"column":3}},"loc":{"start":{"line":41,"column":11},"end":{"line":88,"column":3}},"line":41}},"branchMap":{"0":{"loc":{"start":{"line":35,"column":4},"end":{"line":38,"column":5}},"type":"if","locations":[{"start":{"line":35,"column":4},"end":{"line":38,"column":5}},{"start":{"line":35,"column":4},"end":{"line":38,"column":5}}],"line":35},"1":{"loc":{"start":{"line":46,"column":4},"end":{"line":48,"column":5}},"type":"if","locations":[{"start":{"line":46,"column":4},"end":{"line":48,"column":5}},{"start":{"line":46,"column":4},"end":{"line":48,"column":5}}],"line":46},"2":{"loc":{"start":{"line":60,"column":15},"end":{"line":62,"column":35}},"type":"cond-expr","locations":[{"start":{"line":61,"column":18},"end":{"line":61,"column":41}},{"start":{"line":62,"column":18},"end":{"line":62,"column":35}}],"line":60}},"s":{"0":1,"1":1,"2":1,"3":1,"4":1,"5":1,"6":0,"7":0,"8":0,"9":0,"10":0,"11":0,"12":1,"13":0,"14":1,"15":1},"f":{"0":1,"1":0,"2":0,"3":0,"4":1},"b":{"0":[0,0],"1":[0,1],"2":[0,1]},"_coverageSchema":"332fd63041d2c1bcb487cc26dd0d5f7d97098a6c","hash":"c0b7e7664504da384899cff9388ac2c350625e5d"}
,"/Users/meliu/Documents/workspace/Sharing/React Course/ReactCourse/Class 5/src/reducers/auth.js": {"path":"/Users/meliu/Documents/workspace/Sharing/React Course/ReactCourse/Class 5/src/reducers/auth.js","statementMap":{"0":{"start":{"line":4,"column":2},"end":{"line":9,"column":3}},"1":{"start":{"line":6,"column":6},"end":{"line":6,"column":28}},"2":{"start":{"line":8,"column":6},"end":{"line":8,"column":19}}},"fnMap":{"0":{"name":"(anonymous_0)","decl":{"start":{"line":3,"column":15},"end":{"line":3,"column":16}},"loc":{"start":{"line":3,"column":42},"end":{"line":10,"column":1}},"line":3}},"branchMap":{"0":{"loc":{"start":{"line":3,"column":16},"end":{"line":3,"column":29}},"type":"default-arg","locations":[{"start":{"line":3,"column":24},"end":{"line":3,"column":29}}],"line":3},"1":{"loc":{"start":{"line":4,"column":2},"end":{"line":9,"column":3}},"type":"switch","locations":[{"start":{"line":5,"column":4},"end":{"line":6,"column":28}},{"start":{"line":7,"column":4},"end":{"line":8,"column":19}}],"line":4}},"s":{"0":3,"1":0,"2":3},"f":{"0":3},"b":{"0":[3],"1":[0,3]},"_coverageSchema":"332fd63041d2c1bcb487cc26dd0d5f7d97098a6c","hash":"5fb5853d4c80433094f2b64cefd2468dc60ffc55"}
,"/Users/meliu/Documents/workspace/Sharing/React Course/ReactCourse/Class 5/src/reducers/index.js": {"path":"/Users/meliu/Documents/workspace/Sharing/React Course/ReactCourse/Class 5/src/reducers/index.js","statementMap":{},"fnMap":{},"branchMap":{},"s":{},"f":{},"b":{},"_coverageSchema":"332fd63041d2c1bcb487cc26dd0d5f7d97098a6c","hash":"bfce471c609c2480cb4a5219f245dc1edbd28527"}
,"/Users/meliu/Documents/workspace/Sharing/React Course/ReactCourse/Class 5/src/reducers/rooms.js": {"path":"/Users/meliu/Documents/workspace/Sharing/React Course/ReactCourse/Class 5/src/reducers/rooms.js","statementMap":{"0":{"start":{"line":5,"column":2},"end":{"line":13,"column":3}},"1":{"start":{"line":7,"column":6},"end":{"line":10,"column":8}},"2":{"start":{"line":12,"column":6},"end":{"line":12,"column":19}}},"fnMap":{"0":{"name":"(anonymous_0)","decl":{"start":{"line":4,"column":15},"end":{"line":4,"column":16}},"loc":{"start":{"line":4,"column":63},"end":{"line":14,"column":1}},"line":4}},"branchMap":{"0":{"loc":{"start":{"line":4,"column":16},"end":{"line":4,"column":50}},"type":"default-arg","locations":[{"start":{"line":4,"column":24},"end":{"line":4,"column":50}}],"line":4},"1":{"loc":{"start":{"line":5,"column":2},"end":{"line":13,"column":3}},"type":"switch","locations":[{"start":{"line":6,"column":4},"end":{"line":10,"column":8}},{"start":{"line":11,"column":4},"end":{"line":12,"column":19}}],"line":5}},"s":{"0":3,"1":0,"2":3},"f":{"0":3},"b":{"0":[3],"1":[0,3]},"_coverageSchema":"332fd63041d2c1bcb487cc26dd0d5f7d97098a6c","hash":"5fb9e245d4a2e624f6e4237e3b2d8cbd49b39183"}
,"/Users/meliu/Documents/workspace/Sharing/React Course/ReactCourse/Class 5/src/store/index.js": {"path":"/Users/meliu/Documents/workspace/Sharing/React Course/ReactCourse/Class 5/src/store/index.js","statementMap":{"0":{"start":{"line":4,"column":25},"end":{"line":4,"column":79}}},"fnMap":{},"branchMap":{"0":{"loc":{"start":{"line":4,"column":25},"end":{"line":4,"column":79}},"type":"binary-expr","locations":[{"start":{"line":4,"column":25},"end":{"line":4,"column":68}},{"start":{"line":4,"column":72},"end":{"line":4,"column":79}}],"line":4}},"s":{"0":1},"f":{},"b":{"0":[1,1]},"_coverageSchema":"332fd63041d2c1bcb487cc26dd0d5f7d97098a6c","hash":"a753cab4866bca6570eee84485326284c4594ae7"}
,"/Users/meliu/Documents/workspace/Sharing/React Course/ReactCourse/Class 5/test/setup.js": {"path":"/Users/meliu/Documents/workspace/Sharing/React Course/ReactCourse/Class 5/test/setup.js","statementMap":{"0":{"start":{"line":6,"column":0},"end":{"line":6,"column":19}},"1":{"start":{"line":8,"column":0},"end":{"line":8,"column":38}}},"fnMap":{},"branchMap":{},"s":{"0":4,"1":4},"f":{},"b":{},"_coverageSchema":"332fd63041d2c1bcb487cc26dd0d5f7d97098a6c","hash":"b0a39db82c92a8ec28f258b8f936fa299b2fc996"}
}
